<?xml version="1.0" encoding="UTF-8"?>
<!-- Generated by org.testng.reporters.JUnitXMLReporter -->
<testsuite ignored="0" hostname="NOI-PG02ZDTF" failures="0" tests="1" name="Test" time="0.04" errors="0" timestamp="2024-12-30T15:04:47 IST">
  <testcase classname="RevisePro.RevisionProject.LaunchQuite" name="@BeforeMethod setUp" time="-1.735551287195E9">
    <failure type="org.testng.TestNGException" message="
Parameter &amp;apos;browser&amp;apos; is required by BeforeMethod on method setUp but has not been marked @Optional or defined
in C:\Users\rohit.joshi\Desktop\EclipseWorkspace\RevisionProject\testng.xml">
      <![CDATA[org.testng.TestNGException: 
Parameter 'browser' is required by BeforeMethod on method setUp but has not been marked @Optional or defined
in C:\Users\rohit.joshi\Desktop\EclipseWorkspace\RevisionProject\testng.xml
at java.base/java.util.ArrayList.forEach(ArrayList.java:1597)
... Removed 28 stack frames]]>
    </failure>
  </testcase> <!-- @BeforeMethod setUp -->
  <testcase classname="RevisePro.RevisionProject.LaunchQuite" name="@AfterMethod tearDown" time="-1.735551287209E9">
    <skipped/>
  </testcase> <!-- @AfterMethod tearDown -->
  <testcase classname="RevisePro.RevisionProject.Login" name="testLogin" time="0.0">
    <skipped/>
  </testcase> <!-- testLogin -->
</testsuite> <!-- Test -->
